2025-06-30 22:04:09,873 - sentence_transformers.SentenceTransformer - INFO - Use pytorch device_name: mps
2025-06-30 22:04:09,873 - sentence_transformers.SentenceTransformer - INFO - Load pretrained SentenceTransformer: paraphrase-multilingual-MiniLM-L12-v2
2025-06-30 22:04:15,712 - root - INFO - Бот успешно запущен...
2025-06-30 22:04:16,300 - httpx - INFO - HTTP Request: POST https://api.telegram.org/bot7752160541:AAGQ8OuXe-HzXGCXpHqKSBLo4cJ6U02d448/getMe "HTTP/1.1 200 OK"
2025-06-30 22:04:16,445 - httpx - INFO - HTTP Request: POST https://api.telegram.org/bot7752160541:AAGQ8OuXe-HzXGCXpHqKSBLo4cJ6U02d448/deleteWebhook "HTTP/1.1 200 OK"
2025-06-30 22:04:16,446 - telegram.ext.Application - INFO - Application started
2025-06-30 22:04:27,007 - httpx - INFO - HTTP Request: POST https://api.telegram.org/bot7752160541:AAGQ8OuXe-HzXGCXpHqKSBLo4cJ6U02d448/getUpdates "HTTP/1.1 200 OK"
2025-06-30 22:04:37,174 - httpx - INFO - HTTP Request: POST https://api.telegram.org/bot7752160541:AAGQ8OuXe-HzXGCXpHqKSBLo4cJ6U02d448/getUpdates "HTTP/1.1 200 OK"
2025-06-30 22:04:47,337 - httpx - INFO - HTTP Request: POST https://api.telegram.org/bot7752160541:AAGQ8OuXe-HzXGCXpHqKSBLo4cJ6U02d448/getUpdates "HTTP/1.1 200 OK"
2025-06-30 22:04:57,479 - httpx - INFO - HTTP Request: POST https://api.telegram.org/bot7752160541:AAGQ8OuXe-HzXGCXpHqKSBLo4cJ6U02d448/getUpdates "HTTP/1.1 200 OK"
2025-06-30 22:05:07,601 - httpx - INFO - HTTP Request: POST https://api.telegram.org/bot7752160541:AAGQ8OuXe-HzXGCXpHqKSBLo4cJ6U02d448/getUpdates "HTTP/1.1 200 OK"
2025-06-30 22:05:17,840 - httpx - INFO - HTTP Request: POST https://api.telegram.org/bot7752160541:AAGQ8OuXe-HzXGCXpHqKSBLo4cJ6U02d448/getUpdates "HTTP/1.1 200 OK"
2025-06-30 22:05:28,081 - httpx - INFO - HTTP Request: POST https://api.telegram.org/bot7752160541:AAGQ8OuXe-HzXGCXpHqKSBLo4cJ6U02d448/getUpdates "HTTP/1.1 200 OK"
2025-06-30 22:05:38,231 - httpx - INFO - HTTP Request: POST https://api.telegram.org/bot7752160541:AAGQ8OuXe-HzXGCXpHqKSBLo4cJ6U02d448/getUpdates "HTTP/1.1 200 OK"
2025-06-30 22:05:41,801 - httpx - INFO - HTTP Request: POST https://api.telegram.org/bot7752160541:AAGQ8OuXe-HzXGCXpHqKSBLo4cJ6U02d448/getUpdates "HTTP/1.1 200 OK"
2025-06-30 22:05:42,516 - httpx - INFO - HTTP Request: POST https://api.telegram.org/bot7752160541:AAGQ8OuXe-HzXGCXpHqKSBLo4cJ6U02d448/sendMessage "HTTP/1.1 200 OK"
2025-06-30 22:05:46,921 - httpx - INFO - HTTP Request: POST https://api.telegram.org/bot7752160541:AAGQ8OuXe-HzXGCXpHqKSBLo4cJ6U02d448/getUpdates "HTTP/1.1 200 OK"
2025-06-30 22:05:47,133 - httpx - INFO - HTTP Request: POST https://api.telegram.org/bot7752160541:AAGQ8OuXe-HzXGCXpHqKSBLo4cJ6U02d448/sendMessage "HTTP/1.1 200 OK"
2025-06-30 22:05:49,550 - httpx - INFO - HTTP Request: POST https://api.telegram.org/bot7752160541:AAGQ8OuXe-HzXGCXpHqKSBLo4cJ6U02d448/getUpdates "HTTP/1.1 200 OK"
2025-06-30 22:05:49,795 - httpx - INFO - HTTP Request: POST https://api.telegram.org/bot7752160541:AAGQ8OuXe-HzXGCXpHqKSBLo4cJ6U02d448/sendMessage "HTTP/1.1 200 OK"
2025-06-30 22:05:59,824 - httpx - INFO - HTTP Request: POST https://api.telegram.org/bot7752160541:AAGQ8OuXe-HzXGCXpHqKSBLo4cJ6U02d448/getUpdates "HTTP/1.1 200 OK"
2025-06-30 22:06:10,065 - httpx - INFO - HTTP Request: POST https://api.telegram.org/bot7752160541:AAGQ8OuXe-HzXGCXpHqKSBLo4cJ6U02d448/getUpdates "HTTP/1.1 200 OK"
2025-06-30 22:06:20,304 - httpx - INFO - HTTP Request: POST https://api.telegram.org/bot7752160541:AAGQ8OuXe-HzXGCXpHqKSBLo4cJ6U02d448/getUpdates "HTTP/1.1 200 OK"
2025-06-30 22:06:30,544 - httpx - INFO - HTTP Request: POST https://api.telegram.org/bot7752160541:AAGQ8OuXe-HzXGCXpHqKSBLo4cJ6U02d448/getUpdates "HTTP/1.1 200 OK"
2025-06-30 22:06:40,784 - httpx - INFO - HTTP Request: POST https://api.telegram.org/bot7752160541:AAGQ8OuXe-HzXGCXpHqKSBLo4cJ6U02d448/getUpdates "HTTP/1.1 200 OK"
2025-06-30 22:06:50,926 - httpx - INFO - HTTP Request: POST https://api.telegram.org/bot7752160541:AAGQ8OuXe-HzXGCXpHqKSBLo4cJ6U02d448/getUpdates "HTTP/1.1 200 OK"
2025-06-30 22:06:54,403 - httpx - INFO - HTTP Request: POST https://api.telegram.org/bot7752160541:AAGQ8OuXe-HzXGCXpHqKSBLo4cJ6U02d448/getUpdates "HTTP/1.1 200 OK"
2025-06-30 22:06:55,363 - root - ERROR - Ошибка при поиске вакансий: 'Сходство'
2025-06-30 22:06:56,096 - httpx - INFO - HTTP Request: POST https://api.telegram.org/bot7752160541:AAGQ8OuXe-HzXGCXpHqKSBLo4cJ6U02d448/sendMessage "HTTP/1.1 200 OK"
2025-06-30 22:07:05,950 - httpx - INFO - HTTP Request: POST https://api.telegram.org/bot7752160541:AAGQ8OuXe-HzXGCXpHqKSBLo4cJ6U02d448/getUpdates "HTTP/1.1 200 OK"
2025-06-30 22:07:16,216 - httpx - INFO - HTTP Request: POST https://api.telegram.org/bot7752160541:AAGQ8OuXe-HzXGCXpHqKSBLo4cJ6U02d448/getUpdates "HTTP/1.1 200 OK"
2025-06-30 22:07:26,457 - httpx - INFO - HTTP Request: POST https://api.telegram.org/bot7752160541:AAGQ8OuXe-HzXGCXpHqKSBLo4cJ6U02d448/getUpdates "HTTP/1.1 200 OK"
2025-06-30 22:07:36,801 - httpx - INFO - HTTP Request: POST https://api.telegram.org/bot7752160541:AAGQ8OuXe-HzXGCXpHqKSBLo4cJ6U02d448/getUpdates "HTTP/1.1 200 OK"
2025-06-30 22:07:47,037 - httpx - INFO - HTTP Request: POST https://api.telegram.org/bot7752160541:AAGQ8OuXe-HzXGCXpHqKSBLo4cJ6U02d448/getUpdates "HTTP/1.1 200 OK"
2025-06-30 22:07:57,277 - httpx - INFO - HTTP Request: POST https://api.telegram.org/bot7752160541:AAGQ8OuXe-HzXGCXpHqKSBLo4cJ6U02d448/getUpdates "HTTP/1.1 200 OK"
2025-06-30 22:08:07,887 - httpx - INFO - HTTP Request: POST https://api.telegram.org/bot7752160541:AAGQ8OuXe-HzXGCXpHqKSBLo4cJ6U02d448/getUpdates "HTTP/1.1 200 OK"
2025-06-30 22:08:18,065 - httpx - INFO - HTTP Request: POST https://api.telegram.org/bot7752160541:AAGQ8OuXe-HzXGCXpHqKSBLo4cJ6U02d448/getUpdates "HTTP/1.1 200 OK"
2025-06-30 22:08:26,612 - httpx - INFO - HTTP Request: POST https://api.telegram.org/bot7752160541:AAGQ8OuXe-HzXGCXpHqKSBLo4cJ6U02d448/getUpdates "HTTP/1.1 200 OK"
2025-06-30 22:08:27,673 - httpx - INFO - HTTP Request: POST https://api.telegram.org/bot7752160541:AAGQ8OuXe-HzXGCXpHqKSBLo4cJ6U02d448/sendMessage "HTTP/1.1 200 OK"
2025-06-30 22:08:27,890 - httpx - INFO - HTTP Request: POST https://api.telegram.org/bot7752160541:AAGQ8OuXe-HzXGCXpHqKSBLo4cJ6U02d448/sendMessage "HTTP/1.1 200 OK"
2025-06-30 22:08:35,269 - httpx - INFO - HTTP Request: POST https://api.telegram.org/bot7752160541:AAGQ8OuXe-HzXGCXpHqKSBLo4cJ6U02d448/getUpdates "HTTP/1.1 200 OK"
2025-06-30 22:08:35,787 - httpx - INFO - HTTP Request: POST https://api.telegram.org/bot7752160541:AAGQ8OuXe-HzXGCXpHqKSBLo4cJ6U02d448/sendMessage "HTTP/1.1 200 OK"
2025-06-30 22:08:45,509 - httpx - INFO - HTTP Request: POST https://api.telegram.org/bot7752160541:AAGQ8OuXe-HzXGCXpHqKSBLo4cJ6U02d448/getUpdates "HTTP/1.1 200 OK"
2025-06-30 22:08:49,196 - httpx - INFO - HTTP Request: POST https://api.telegram.org/bot7752160541:AAGQ8OuXe-HzXGCXpHqKSBLo4cJ6U02d448/getUpdates "HTTP/1.1 200 OK"
2025-06-30 22:08:49,201 - root - INFO - Сохранен кандидат: Ника
2025-06-30 22:08:49,717 - httpx - INFO - HTTP Request: POST https://api.telegram.org/bot7752160541:AAGQ8OuXe-HzXGCXpHqKSBLo4cJ6U02d448/sendMessage "HTTP/1.1 200 OK"
2025-06-30 22:08:59,434 - httpx - INFO - HTTP Request: POST https://api.telegram.org/bot7752160541:AAGQ8OuXe-HzXGCXpHqKSBLo4cJ6U02d448/getUpdates "HTTP/1.1 200 OK"
2025-06-30 22:09:09,674 - httpx - INFO - HTTP Request: POST https://api.telegram.org/bot7752160541:AAGQ8OuXe-HzXGCXpHqKSBLo4cJ6U02d448/getUpdates "HTTP/1.1 200 OK"
2025-06-30 22:09:20,323 - httpx - INFO - HTTP Request: POST https://api.telegram.org/bot7752160541:AAGQ8OuXe-HzXGCXpHqKSBLo4cJ6U02d448/getUpdates "HTTP/1.1 200 OK"
2025-06-30 22:09:30,564 - httpx - INFO - HTTP Request: POST https://api.telegram.org/bot7752160541:AAGQ8OuXe-HzXGCXpHqKSBLo4cJ6U02d448/getUpdates "HTTP/1.1 200 OK"
2025-06-30 22:09:40,804 - httpx - INFO - HTTP Request: POST https://api.telegram.org/bot7752160541:AAGQ8OuXe-HzXGCXpHqKSBLo4cJ6U02d448/getUpdates "HTTP/1.1 200 OK"
2025-06-30 22:09:51,044 - httpx - INFO - HTTP Request: POST https://api.telegram.org/bot7752160541:AAGQ8OuXe-HzXGCXpHqKSBLo4cJ6U02d448/getUpdates "HTTP/1.1 200 OK"
2025-06-30 22:10:01,698 - httpx - INFO - HTTP Request: POST https://api.telegram.org/bot7752160541:AAGQ8OuXe-HzXGCXpHqKSBLo4cJ6U02d448/getUpdates "HTTP/1.1 200 OK"
2025-06-30 22:10:11,979 - httpx - INFO - HTTP Request: POST https://api.telegram.org/bot7752160541:AAGQ8OuXe-HzXGCXpHqKSBLo4cJ6U02d448/getUpdates "HTTP/1.1 200 OK"
2025-06-30 22:10:22,173 - httpx - INFO - HTTP Request: POST https://api.telegram.org/bot7752160541:AAGQ8OuXe-HzXGCXpHqKSBLo4cJ6U02d448/getUpdates "HTTP/1.1 200 OK"
2025-06-30 22:10:32,415 - httpx - INFO - HTTP Request: POST https://api.telegram.org/bot7752160541:AAGQ8OuXe-HzXGCXpHqKSBLo4cJ6U02d448/getUpdates "HTTP/1.1 200 OK"
2025-06-30 22:10:42,561 - httpx - INFO - HTTP Request: POST https://api.telegram.org/bot7752160541:AAGQ8OuXe-HzXGCXpHqKSBLo4cJ6U02d448/getUpdates "HTTP/1.1 200 OK"
2025-06-30 22:10:52,923 - httpx - INFO - HTTP Request: POST https://api.telegram.org/bot7752160541:AAGQ8OuXe-HzXGCXpHqKSBLo4cJ6U02d448/getUpdates "HTTP/1.1 200 OK"
2025-06-30 22:11:03,135 - httpx - INFO - HTTP Request: POST https://api.telegram.org/bot7752160541:AAGQ8OuXe-HzXGCXpHqKSBLo4cJ6U02d448/getUpdates "HTTP/1.1 200 OK"
2025-06-30 22:11:13,373 - httpx - INFO - HTTP Request: POST https://api.telegram.org/bot7752160541:AAGQ8OuXe-HzXGCXpHqKSBLo4cJ6U02d448/getUpdates "HTTP/1.1 200 OK"
2025-06-30 22:11:23,529 - httpx - INFO - HTTP Request: POST https://api.telegram.org/bot7752160541:AAGQ8OuXe-HzXGCXpHqKSBLo4cJ6U02d448/getUpdates "HTTP/1.1 200 OK"
2025-06-30 22:11:34,162 - httpx - INFO - HTTP Request: POST https://api.telegram.org/bot7752160541:AAGQ8OuXe-HzXGCXpHqKSBLo4cJ6U02d448/getUpdates "HTTP/1.1 200 OK"
2025-06-30 22:11:44,408 - httpx - INFO - HTTP Request: POST https://api.telegram.org/bot7752160541:AAGQ8OuXe-HzXGCXpHqKSBLo4cJ6U02d448/getUpdates "HTTP/1.1 200 OK"
2025-06-30 22:11:54,557 - httpx - INFO - HTTP Request: POST https://api.telegram.org/bot7752160541:AAGQ8OuXe-HzXGCXpHqKSBLo4cJ6U02d448/getUpdates "HTTP/1.1 200 OK"
2025-06-30 22:12:04,751 - httpx - INFO - HTTP Request: POST https://api.telegram.org/bot7752160541:AAGQ8OuXe-HzXGCXpHqKSBLo4cJ6U02d448/getUpdates "HTTP/1.1 200 OK"
2025-06-30 22:12:15,024 - httpx - INFO - HTTP Request: POST https://api.telegram.org/bot7752160541:AAGQ8OuXe-HzXGCXpHqKSBLo4cJ6U02d448/getUpdates "HTTP/1.1 200 OK"
2025-06-30 22:12:25,187 - httpx - INFO - HTTP Request: POST https://api.telegram.org/bot7752160541:AAGQ8OuXe-HzXGCXpHqKSBLo4cJ6U02d448/getUpdates "HTTP/1.1 200 OK"
2025-06-30 22:12:35,341 - httpx - INFO - HTTP Request: POST https://api.telegram.org/bot7752160541:AAGQ8OuXe-HzXGCXpHqKSBLo4cJ6U02d448/getUpdates "HTTP/1.1 200 OK"
2025-06-30 22:12:45,492 - httpx - INFO - HTTP Request: POST https://api.telegram.org/bot7752160541:AAGQ8OuXe-HzXGCXpHqKSBLo4cJ6U02d448/getUpdates "HTTP/1.1 200 OK"
2025-06-30 22:12:55,638 - httpx - INFO - HTTP Request: POST https://api.telegram.org/bot7752160541:AAGQ8OuXe-HzXGCXpHqKSBLo4cJ6U02d448/getUpdates "HTTP/1.1 200 OK"
2025-06-30 22:13:05,793 - httpx - INFO - HTTP Request: POST https://api.telegram.org/bot7752160541:AAGQ8OuXe-HzXGCXpHqKSBLo4cJ6U02d448/getUpdates "HTTP/1.1 200 OK"
2025-06-30 22:13:15,949 - httpx - INFO - HTTP Request: POST https://api.telegram.org/bot7752160541:AAGQ8OuXe-HzXGCXpHqKSBLo4cJ6U02d448/getUpdates "HTTP/1.1 200 OK"
2025-06-30 22:13:26,117 - httpx - INFO - HTTP Request: POST https://api.telegram.org/bot7752160541:AAGQ8OuXe-HzXGCXpHqKSBLo4cJ6U02d448/getUpdates "HTTP/1.1 200 OK"
2025-06-30 22:13:36,270 - httpx - INFO - HTTP Request: POST https://api.telegram.org/bot7752160541:AAGQ8OuXe-HzXGCXpHqKSBLo4cJ6U02d448/getUpdates "HTTP/1.1 200 OK"
2025-06-30 22:13:46,799 - httpx - INFO - HTTP Request: POST https://api.telegram.org/bot7752160541:AAGQ8OuXe-HzXGCXpHqKSBLo4cJ6U02d448/getUpdates "HTTP/1.1 200 OK"
2025-06-30 22:13:56,969 - httpx - INFO - HTTP Request: POST https://api.telegram.org/bot7752160541:AAGQ8OuXe-HzXGCXpHqKSBLo4cJ6U02d448/getUpdates "HTTP/1.1 200 OK"
2025-06-30 22:14:07,133 - httpx - INFO - HTTP Request: POST https://api.telegram.org/bot7752160541:AAGQ8OuXe-HzXGCXpHqKSBLo4cJ6U02d448/getUpdates "HTTP/1.1 200 OK"
2025-06-30 22:14:17,388 - httpx - INFO - HTTP Request: POST https://api.telegram.org/bot7752160541:AAGQ8OuXe-HzXGCXpHqKSBLo4cJ6U02d448/getUpdates "HTTP/1.1 200 OK"
2025-06-30 22:14:27,628 - httpx - INFO - HTTP Request: POST https://api.telegram.org/bot7752160541:AAGQ8OuXe-HzXGCXpHqKSBLo4cJ6U02d448/getUpdates "HTTP/1.1 200 OK"
2025-06-30 22:14:37,868 - httpx - INFO - HTTP Request: POST https://api.telegram.org/bot7752160541:AAGQ8OuXe-HzXGCXpHqKSBLo4cJ6U02d448/getUpdates "HTTP/1.1 200 OK"
2025-06-30 22:14:48,111 - httpx - INFO - HTTP Request: POST https://api.telegram.org/bot7752160541:AAGQ8OuXe-HzXGCXpHqKSBLo4cJ6U02d448/getUpdates "HTTP/1.1 200 OK"
2025-06-30 22:14:58,301 - httpx - INFO - HTTP Request: POST https://api.telegram.org/bot7752160541:AAGQ8OuXe-HzXGCXpHqKSBLo4cJ6U02d448/getUpdates "HTTP/1.1 200 OK"
2025-06-30 22:15:08,448 - httpx - INFO - HTTP Request: POST https://api.telegram.org/bot7752160541:AAGQ8OuXe-HzXGCXpHqKSBLo4cJ6U02d448/getUpdates "HTTP/1.1 200 OK"
2025-06-30 22:15:18,604 - httpx - INFO - HTTP Request: POST https://api.telegram.org/bot7752160541:AAGQ8OuXe-HzXGCXpHqKSBLo4cJ6U02d448/getUpdates "HTTP/1.1 200 OK"
2025-06-30 22:15:28,752 - httpx - INFO - HTTP Request: POST https://api.telegram.org/bot7752160541:AAGQ8OuXe-HzXGCXpHqKSBLo4cJ6U02d448/getUpdates "HTTP/1.1 200 OK"
2025-06-30 22:15:38,897 - httpx - INFO - HTTP Request: POST https://api.telegram.org/bot7752160541:AAGQ8OuXe-HzXGCXpHqKSBLo4cJ6U02d448/getUpdates "HTTP/1.1 200 OK"
2025-06-30 22:15:49,053 - httpx - INFO - HTTP Request: POST https://api.telegram.org/bot7752160541:AAGQ8OuXe-HzXGCXpHqKSBLo4cJ6U02d448/getUpdates "HTTP/1.1 200 OK"
2025-06-30 22:15:59,198 - httpx - INFO - HTTP Request: POST https://api.telegram.org/bot7752160541:AAGQ8OuXe-HzXGCXpHqKSBLo4cJ6U02d448/getUpdates "HTTP/1.1 200 OK"
2025-06-30 22:16:09,347 - httpx - INFO - HTTP Request: POST https://api.telegram.org/bot7752160541:AAGQ8OuXe-HzXGCXpHqKSBLo4cJ6U02d448/getUpdates "HTTP/1.1 200 OK"
2025-06-30 22:16:19,551 - httpx - INFO - HTTP Request: POST https://api.telegram.org/bot7752160541:AAGQ8OuXe-HzXGCXpHqKSBLo4cJ6U02d448/getUpdates "HTTP/1.1 200 OK"
2025-06-30 22:16:29,763 - httpx - INFO - HTTP Request: POST https://api.telegram.org/bot7752160541:AAGQ8OuXe-HzXGCXpHqKSBLo4cJ6U02d448/getUpdates "HTTP/1.1 200 OK"
2025-06-30 22:16:39,930 - httpx - INFO - HTTP Request: POST https://api.telegram.org/bot7752160541:AAGQ8OuXe-HzXGCXpHqKSBLo4cJ6U02d448/getUpdates "HTTP/1.1 200 OK"
2025-06-30 22:16:50,168 - httpx - INFO - HTTP Request: POST https://api.telegram.org/bot7752160541:AAGQ8OuXe-HzXGCXpHqKSBLo4cJ6U02d448/getUpdates "HTTP/1.1 200 OK"
2025-06-30 22:17:00,313 - httpx - INFO - HTTP Request: POST https://api.telegram.org/bot7752160541:AAGQ8OuXe-HzXGCXpHqKSBLo4cJ6U02d448/getUpdates "HTTP/1.1 200 OK"
2025-06-30 22:17:10,546 - httpx - INFO - HTTP Request: POST https://api.telegram.org/bot7752160541:AAGQ8OuXe-HzXGCXpHqKSBLo4cJ6U02d448/getUpdates "HTTP/1.1 200 OK"
2025-06-30 22:17:20,787 - httpx - INFO - HTTP Request: POST https://api.telegram.org/bot7752160541:AAGQ8OuXe-HzXGCXpHqKSBLo4cJ6U02d448/getUpdates "HTTP/1.1 200 OK"
2025-06-30 22:17:31,029 - httpx - INFO - HTTP Request: POST https://api.telegram.org/bot7752160541:AAGQ8OuXe-HzXGCXpHqKSBLo4cJ6U02d448/getUpdates "HTTP/1.1 200 OK"
2025-06-30 22:17:41,271 - httpx - INFO - HTTP Request: POST https://api.telegram.org/bot7752160541:AAGQ8OuXe-HzXGCXpHqKSBLo4cJ6U02d448/getUpdates "HTTP/1.1 200 OK"
2025-06-30 22:17:51,508 - httpx - INFO - HTTP Request: POST https://api.telegram.org/bot7752160541:AAGQ8OuXe-HzXGCXpHqKSBLo4cJ6U02d448/getUpdates "HTTP/1.1 200 OK"
2025-06-30 22:18:01,746 - httpx - INFO - HTTP Request: POST https://api.telegram.org/bot7752160541:AAGQ8OuXe-HzXGCXpHqKSBLo4cJ6U02d448/getUpdates "HTTP/1.1 200 OK"
2025-06-30 22:18:11,988 - httpx - INFO - HTTP Request: POST https://api.telegram.org/bot7752160541:AAGQ8OuXe-HzXGCXpHqKSBLo4cJ6U02d448/getUpdates "HTTP/1.1 200 OK"
2025-06-30 22:18:22,227 - httpx - INFO - HTTP Request: POST https://api.telegram.org/bot7752160541:AAGQ8OuXe-HzXGCXpHqKSBLo4cJ6U02d448/getUpdates "HTTP/1.1 200 OK"
2025-06-30 22:18:32,407 - httpx - INFO - HTTP Request: POST https://api.telegram.org/bot7752160541:AAGQ8OuXe-HzXGCXpHqKSBLo4cJ6U02d448/getUpdates "HTTP/1.1 200 OK"
2025-06-30 22:18:42,605 - httpx - INFO - HTTP Request: POST https://api.telegram.org/bot7752160541:AAGQ8OuXe-HzXGCXpHqKSBLo4cJ6U02d448/getUpdates "HTTP/1.1 200 OK"
2025-06-30 22:18:52,748 - httpx - INFO - HTTP Request: POST https://api.telegram.org/bot7752160541:AAGQ8OuXe-HzXGCXpHqKSBLo4cJ6U02d448/getUpdates "HTTP/1.1 200 OK"
2025-06-30 22:19:02,987 - httpx - INFO - HTTP Request: POST https://api.telegram.org/bot7752160541:AAGQ8OuXe-HzXGCXpHqKSBLo4cJ6U02d448/getUpdates "HTTP/1.1 200 OK"
2025-06-30 22:19:13,133 - httpx - INFO - HTTP Request: POST https://api.telegram.org/bot7752160541:AAGQ8OuXe-HzXGCXpHqKSBLo4cJ6U02d448/getUpdates "HTTP/1.1 200 OK"
2025-06-30 22:19:23,361 - httpx - INFO - HTTP Request: POST https://api.telegram.org/bot7752160541:AAGQ8OuXe-HzXGCXpHqKSBLo4cJ6U02d448/getUpdates "HTTP/1.1 200 OK"
2025-06-30 22:19:33,499 - httpx - INFO - HTTP Request: POST https://api.telegram.org/bot7752160541:AAGQ8OuXe-HzXGCXpHqKSBLo4cJ6U02d448/getUpdates "HTTP/1.1 200 OK"
2025-06-30 22:19:43,740 - httpx - INFO - HTTP Request: POST https://api.telegram.org/bot7752160541:AAGQ8OuXe-HzXGCXpHqKSBLo4cJ6U02d448/getUpdates "HTTP/1.1 200 OK"
2025-06-30 22:19:53,979 - httpx - INFO - HTTP Request: POST https://api.telegram.org/bot7752160541:AAGQ8OuXe-HzXGCXpHqKSBLo4cJ6U02d448/getUpdates "HTTP/1.1 200 OK"
2025-06-30 22:20:04,216 - httpx - INFO - HTTP Request: POST https://api.telegram.org/bot7752160541:AAGQ8OuXe-HzXGCXpHqKSBLo4cJ6U02d448/getUpdates "HTTP/1.1 200 OK"
2025-06-30 22:20:14,451 - httpx - INFO - HTTP Request: POST https://api.telegram.org/bot7752160541:AAGQ8OuXe-HzXGCXpHqKSBLo4cJ6U02d448/getUpdates "HTTP/1.1 200 OK"
2025-06-30 22:20:24,690 - httpx - INFO - HTTP Request: POST https://api.telegram.org/bot7752160541:AAGQ8OuXe-HzXGCXpHqKSBLo4cJ6U02d448/getUpdates "HTTP/1.1 200 OK"
2025-06-30 22:20:34,939 - httpx - INFO - HTTP Request: POST https://api.telegram.org/bot7752160541:AAGQ8OuXe-HzXGCXpHqKSBLo4cJ6U02d448/getUpdates "HTTP/1.1 200 OK"
2025-06-30 22:20:45,078 - httpx - INFO - HTTP Request: POST https://api.telegram.org/bot7752160541:AAGQ8OuXe-HzXGCXpHqKSBLo4cJ6U02d448/getUpdates "HTTP/1.1 200 OK"
2025-06-30 22:20:55,685 - httpx - INFO - HTTP Request: POST https://api.telegram.org/bot7752160541:AAGQ8OuXe-HzXGCXpHqKSBLo4cJ6U02d448/getUpdates "HTTP/1.1 200 OK"
2025-06-30 22:21:05,852 - httpx - INFO - HTTP Request: POST https://api.telegram.org/bot7752160541:AAGQ8OuXe-HzXGCXpHqKSBLo4cJ6U02d448/getUpdates "HTTP/1.1 200 OK"
2025-06-30 22:21:15,999 - httpx - INFO - HTTP Request: POST https://api.telegram.org/bot7752160541:AAGQ8OuXe-HzXGCXpHqKSBLo4cJ6U02d448/getUpdates "HTTP/1.1 200 OK"
2025-06-30 22:21:26,152 - httpx - INFO - HTTP Request: POST https://api.telegram.org/bot7752160541:AAGQ8OuXe-HzXGCXpHqKSBLo4cJ6U02d448/getUpdates "HTTP/1.1 200 OK"
2025-06-30 22:21:36,309 - httpx - INFO - HTTP Request: POST https://api.telegram.org/bot7752160541:AAGQ8OuXe-HzXGCXpHqKSBLo4cJ6U02d448/getUpdates "HTTP/1.1 200 OK"
2025-06-30 22:21:46,467 - httpx - INFO - HTTP Request: POST https://api.telegram.org/bot7752160541:AAGQ8OuXe-HzXGCXpHqKSBLo4cJ6U02d448/getUpdates "HTTP/1.1 200 OK"
2025-06-30 22:21:56,713 - httpx - INFO - HTTP Request: POST https://api.telegram.org/bot7752160541:AAGQ8OuXe-HzXGCXpHqKSBLo4cJ6U02d448/getUpdates "HTTP/1.1 200 OK"
2025-06-30 22:22:06,859 - httpx - INFO - HTTP Request: POST https://api.telegram.org/bot7752160541:AAGQ8OuXe-HzXGCXpHqKSBLo4cJ6U02d448/getUpdates "HTTP/1.1 200 OK"
2025-06-30 22:22:17,014 - httpx - INFO - HTTP Request: POST https://api.telegram.org/bot7752160541:AAGQ8OuXe-HzXGCXpHqKSBLo4cJ6U02d448/getUpdates "HTTP/1.1 200 OK"
2025-06-30 22:22:27,173 - httpx - INFO - HTTP Request: POST https://api.telegram.org/bot7752160541:AAGQ8OuXe-HzXGCXpHqKSBLo4cJ6U02d448/getUpdates "HTTP/1.1 200 OK"
2025-06-30 22:22:37,328 - httpx - INFO - HTTP Request: POST https://api.telegram.org/bot7752160541:AAGQ8OuXe-HzXGCXpHqKSBLo4cJ6U02d448/getUpdates "HTTP/1.1 200 OK"
2025-06-30 22:22:47,535 - httpx - INFO - HTTP Request: POST https://api.telegram.org/bot7752160541:AAGQ8OuXe-HzXGCXpHqKSBLo4cJ6U02d448/getUpdates "HTTP/1.1 200 OK"
2025-06-30 22:22:57,775 - httpx - INFO - HTTP Request: POST https://api.telegram.org/bot7752160541:AAGQ8OuXe-HzXGCXpHqKSBLo4cJ6U02d448/getUpdates "HTTP/1.1 200 OK"
2025-06-30 22:23:08,015 - httpx - INFO - HTTP Request: POST https://api.telegram.org/bot7752160541:AAGQ8OuXe-HzXGCXpHqKSBLo4cJ6U02d448/getUpdates "HTTP/1.1 200 OK"
2025-06-30 22:23:18,255 - httpx - INFO - HTTP Request: POST https://api.telegram.org/bot7752160541:AAGQ8OuXe-HzXGCXpHqKSBLo4cJ6U02d448/getUpdates "HTTP/1.1 200 OK"
2025-06-30 22:23:28,399 - httpx - INFO - HTTP Request: POST https://api.telegram.org/bot7752160541:AAGQ8OuXe-HzXGCXpHqKSBLo4cJ6U02d448/getUpdates "HTTP/1.1 200 OK"
2025-06-30 22:23:38,632 - httpx - INFO - HTTP Request: POST https://api.telegram.org/bot7752160541:AAGQ8OuXe-HzXGCXpHqKSBLo4cJ6U02d448/getUpdates "HTTP/1.1 200 OK"
2025-06-30 22:23:48,780 - httpx - INFO - HTTP Request: POST https://api.telegram.org/bot7752160541:AAGQ8OuXe-HzXGCXpHqKSBLo4cJ6U02d448/getUpdates "HTTP/1.1 200 OK"
2025-06-30 22:23:58,977 - httpx - INFO - HTTP Request: POST https://api.telegram.org/bot7752160541:AAGQ8OuXe-HzXGCXpHqKSBLo4cJ6U02d448/getUpdates "HTTP/1.1 200 OK"
2025-06-30 22:24:09,124 - httpx - INFO - HTTP Request: POST https://api.telegram.org/bot7752160541:AAGQ8OuXe-HzXGCXpHqKSBLo4cJ6U02d448/getUpdates "HTTP/1.1 200 OK"
2025-06-30 22:24:19,288 - httpx - INFO - HTTP Request: POST https://api.telegram.org/bot7752160541:AAGQ8OuXe-HzXGCXpHqKSBLo4cJ6U02d448/getUpdates "HTTP/1.1 200 OK"
2025-06-30 22:24:29,790 - httpx - INFO - HTTP Request: POST https://api.telegram.org/bot7752160541:AAGQ8OuXe-HzXGCXpHqKSBLo4cJ6U02d448/getUpdates "HTTP/1.1 200 OK"
2025-06-30 22:24:39,970 - httpx - INFO - HTTP Request: POST https://api.telegram.org/bot7752160541:AAGQ8OuXe-HzXGCXpHqKSBLo4cJ6U02d448/getUpdates "HTTP/1.1 200 OK"
2025-06-30 22:24:50,210 - httpx - INFO - HTTP Request: POST https://api.telegram.org/bot7752160541:AAGQ8OuXe-HzXGCXpHqKSBLo4cJ6U02d448/getUpdates "HTTP/1.1 200 OK"
2025-06-30 22:25:00,451 - httpx - INFO - HTTP Request: POST https://api.telegram.org/bot7752160541:AAGQ8OuXe-HzXGCXpHqKSBLo4cJ6U02d448/getUpdates "HTTP/1.1 200 OK"
2025-06-30 22:25:10,690 - httpx - INFO - HTTP Request: POST https://api.telegram.org/bot7752160541:AAGQ8OuXe-HzXGCXpHqKSBLo4cJ6U02d448/getUpdates "HTTP/1.1 200 OK"
2025-06-30 22:25:20,929 - httpx - INFO - HTTP Request: POST https://api.telegram.org/bot7752160541:AAGQ8OuXe-HzXGCXpHqKSBLo4cJ6U02d448/getUpdates "HTTP/1.1 200 OK"
2025-06-30 22:25:31,095 - httpx - INFO - HTTP Request: POST https://api.telegram.org/bot7752160541:AAGQ8OuXe-HzXGCXpHqKSBLo4cJ6U02d448/getUpdates "HTTP/1.1 200 OK"
2025-06-30 22:25:41,307 - httpx - INFO - HTTP Request: POST https://api.telegram.org/bot7752160541:AAGQ8OuXe-HzXGCXpHqKSBLo4cJ6U02d448/getUpdates "HTTP/1.1 200 OK"
2025-06-30 22:25:51,455 - httpx - INFO - HTTP Request: POST https://api.telegram.org/bot7752160541:AAGQ8OuXe-HzXGCXpHqKSBLo4cJ6U02d448/getUpdates "HTTP/1.1 200 OK"
2025-06-30 22:26:01,688 - httpx - INFO - HTTP Request: POST https://api.telegram.org/bot7752160541:AAGQ8OuXe-HzXGCXpHqKSBLo4cJ6U02d448/getUpdates "HTTP/1.1 200 OK"
2025-06-30 22:26:11,926 - httpx - INFO - HTTP Request: POST https://api.telegram.org/bot7752160541:AAGQ8OuXe-HzXGCXpHqKSBLo4cJ6U02d448/getUpdates "HTTP/1.1 200 OK"
2025-06-30 22:26:22,164 - httpx - INFO - HTTP Request: POST https://api.telegram.org/bot7752160541:AAGQ8OuXe-HzXGCXpHqKSBLo4cJ6U02d448/getUpdates "HTTP/1.1 200 OK"
2025-06-30 22:26:32,319 - httpx - INFO - HTTP Request: POST https://api.telegram.org/bot7752160541:AAGQ8OuXe-HzXGCXpHqKSBLo4cJ6U02d448/getUpdates "HTTP/1.1 200 OK"
2025-06-30 22:26:42,542 - httpx - INFO - HTTP Request: POST https://api.telegram.org/bot7752160541:AAGQ8OuXe-HzXGCXpHqKSBLo4cJ6U02d448/getUpdates "HTTP/1.1 200 OK"
2025-06-30 22:26:53,088 - httpx - INFO - HTTP Request: POST https://api.telegram.org/bot7752160541:AAGQ8OuXe-HzXGCXpHqKSBLo4cJ6U02d448/getUpdates "HTTP/1.1 200 OK"
2025-06-30 22:27:03,328 - httpx - INFO - HTTP Request: POST https://api.telegram.org/bot7752160541:AAGQ8OuXe-HzXGCXpHqKSBLo4cJ6U02d448/getUpdates "HTTP/1.1 200 OK"
2025-06-30 22:27:13,569 - httpx - INFO - HTTP Request: POST https://api.telegram.org/bot7752160541:AAGQ8OuXe-HzXGCXpHqKSBLo4cJ6U02d448/getUpdates "HTTP/1.1 200 OK"
2025-06-30 22:27:23,812 - httpx - INFO - HTTP Request: POST https://api.telegram.org/bot7752160541:AAGQ8OuXe-HzXGCXpHqKSBLo4cJ6U02d448/getUpdates "HTTP/1.1 200 OK"
2025-06-30 22:27:34,050 - httpx - INFO - HTTP Request: POST https://api.telegram.org/bot7752160541:AAGQ8OuXe-HzXGCXpHqKSBLo4cJ6U02d448/getUpdates "HTTP/1.1 200 OK"
2025-06-30 22:27:44,206 - httpx - INFO - HTTP Request: POST https://api.telegram.org/bot7752160541:AAGQ8OuXe-HzXGCXpHqKSBLo4cJ6U02d448/getUpdates "HTTP/1.1 200 OK"
2025-06-30 22:27:54,793 - httpx - INFO - HTTP Request: POST https://api.telegram.org/bot7752160541:AAGQ8OuXe-HzXGCXpHqKSBLo4cJ6U02d448/getUpdates "HTTP/1.1 200 OK"
2025-06-30 22:28:04,979 - httpx - INFO - HTTP Request: POST https://api.telegram.org/bot7752160541:AAGQ8OuXe-HzXGCXpHqKSBLo4cJ6U02d448/getUpdates "HTTP/1.1 200 OK"
2025-06-30 22:28:15,214 - httpx - INFO - HTTP Request: POST https://api.telegram.org/bot7752160541:AAGQ8OuXe-HzXGCXpHqKSBLo4cJ6U02d448/getUpdates "HTTP/1.1 200 OK"
2025-06-30 22:28:25,389 - httpx - INFO - HTTP Request: POST https://api.telegram.org/bot7752160541:AAGQ8OuXe-HzXGCXpHqKSBLo4cJ6U02d448/getUpdates "HTTP/1.1 200 OK"
2025-06-30 22:28:35,697 - httpx - INFO - HTTP Request: POST https://api.telegram.org/bot7752160541:AAGQ8OuXe-HzXGCXpHqKSBLo4cJ6U02d448/getUpdates "HTTP/1.1 200 OK"
2025-06-30 22:28:45,839 - httpx - INFO - HTTP Request: POST https://api.telegram.org/bot7752160541:AAGQ8OuXe-HzXGCXpHqKSBLo4cJ6U02d448/getUpdates "HTTP/1.1 200 OK"
2025-06-30 22:28:56,071 - httpx - INFO - HTTP Request: POST https://api.telegram.org/bot7752160541:AAGQ8OuXe-HzXGCXpHqKSBLo4cJ6U02d448/getUpdates "HTTP/1.1 200 OK"
2025-06-30 22:29:06,312 - httpx - INFO - HTTP Request: POST https://api.telegram.org/bot7752160541:AAGQ8OuXe-HzXGCXpHqKSBLo4cJ6U02d448/getUpdates "HTTP/1.1 200 OK"
2025-06-30 22:29:16,460 - httpx - INFO - HTTP Request: POST https://api.telegram.org/bot7752160541:AAGQ8OuXe-HzXGCXpHqKSBLo4cJ6U02d448/getUpdates "HTTP/1.1 200 OK"
2025-06-30 22:29:26,689 - httpx - INFO - HTTP Request: POST https://api.telegram.org/bot7752160541:AAGQ8OuXe-HzXGCXpHqKSBLo4cJ6U02d448/getUpdates "HTTP/1.1 200 OK"
2025-06-30 22:29:36,932 - httpx - INFO - HTTP Request: POST https://api.telegram.org/bot7752160541:AAGQ8OuXe-HzXGCXpHqKSBLo4cJ6U02d448/getUpdates "HTTP/1.1 200 OK"
2025-06-30 22:29:47,170 - httpx - INFO - HTTP Request: POST https://api.telegram.org/bot7752160541:AAGQ8OuXe-HzXGCXpHqKSBLo4cJ6U02d448/getUpdates "HTTP/1.1 200 OK"
2025-06-30 22:29:57,370 - httpx - INFO - HTTP Request: POST https://api.telegram.org/bot7752160541:AAGQ8OuXe-HzXGCXpHqKSBLo4cJ6U02d448/getUpdates "HTTP/1.1 200 OK"
2025-06-30 22:30:07,517 - httpx - INFO - HTTP Request: POST https://api.telegram.org/bot7752160541:AAGQ8OuXe-HzXGCXpHqKSBLo4cJ6U02d448/getUpdates "HTTP/1.1 200 OK"
2025-06-30 22:30:17,671 - httpx - INFO - HTTP Request: POST https://api.telegram.org/bot7752160541:AAGQ8OuXe-HzXGCXpHqKSBLo4cJ6U02d448/getUpdates "HTTP/1.1 200 OK"
2025-06-30 22:30:27,860 - httpx - INFO - HTTP Request: POST https://api.telegram.org/bot7752160541:AAGQ8OuXe-HzXGCXpHqKSBLo4cJ6U02d448/getUpdates "HTTP/1.1 200 OK"
2025-06-30 22:30:38,016 - httpx - INFO - HTTP Request: POST https://api.telegram.org/bot7752160541:AAGQ8OuXe-HzXGCXpHqKSBLo4cJ6U02d448/getUpdates "HTTP/1.1 200 OK"
2025-06-30 22:30:48,204 - httpx - INFO - HTTP Request: POST https://api.telegram.org/bot7752160541:AAGQ8OuXe-HzXGCXpHqKSBLo4cJ6U02d448/getUpdates "HTTP/1.1 200 OK"
2025-06-30 22:30:58,350 - httpx - INFO - HTTP Request: POST https://api.telegram.org/bot7752160541:AAGQ8OuXe-HzXGCXpHqKSBLo4cJ6U02d448/getUpdates "HTTP/1.1 200 OK"
2025-06-30 22:31:08,582 - httpx - INFO - HTTP Request: POST https://api.telegram.org/bot7752160541:AAGQ8OuXe-HzXGCXpHqKSBLo4cJ6U02d448/getUpdates "HTTP/1.1 200 OK"
2025-06-30 22:31:18,732 - httpx - INFO - HTTP Request: POST https://api.telegram.org/bot7752160541:AAGQ8OuXe-HzXGCXpHqKSBLo4cJ6U02d448/getUpdates "HTTP/1.1 200 OK"
2025-06-30 22:31:28,956 - httpx - INFO - HTTP Request: POST https://api.telegram.org/bot7752160541:AAGQ8OuXe-HzXGCXpHqKSBLo4cJ6U02d448/getUpdates "HTTP/1.1 200 OK"
2025-06-30 22:31:39,112 - httpx - INFO - HTTP Request: POST https://api.telegram.org/bot7752160541:AAGQ8OuXe-HzXGCXpHqKSBLo4cJ6U02d448/getUpdates "HTTP/1.1 200 OK"
2025-06-30 22:31:49,340 - httpx - INFO - HTTP Request: POST https://api.telegram.org/bot7752160541:AAGQ8OuXe-HzXGCXpHqKSBLo4cJ6U02d448/getUpdates "HTTP/1.1 200 OK"
2025-06-30 22:31:59,496 - httpx - INFO - HTTP Request: POST https://api.telegram.org/bot7752160541:AAGQ8OuXe-HzXGCXpHqKSBLo4cJ6U02d448/getUpdates "HTTP/1.1 200 OK"
2025-06-30 22:32:09,653 - httpx - INFO - HTTP Request: POST https://api.telegram.org/bot7752160541:AAGQ8OuXe-HzXGCXpHqKSBLo4cJ6U02d448/getUpdates "HTTP/1.1 200 OK"
2025-06-30 22:32:19,848 - httpx - INFO - HTTP Request: POST https://api.telegram.org/bot7752160541:AAGQ8OuXe-HzXGCXpHqKSBLo4cJ6U02d448/getUpdates "HTTP/1.1 200 OK"
2025-06-30 22:32:30,089 - httpx - INFO - HTTP Request: POST https://api.telegram.org/bot7752160541:AAGQ8OuXe-HzXGCXpHqKSBLo4cJ6U02d448/getUpdates "HTTP/1.1 200 OK"
2025-06-30 22:32:40,245 - httpx - INFO - HTTP Request: POST https://api.telegram.org/bot7752160541:AAGQ8OuXe-HzXGCXpHqKSBLo4cJ6U02d448/getUpdates "HTTP/1.1 200 OK"
2025-06-30 22:32:50,465 - httpx - INFO - HTTP Request: POST https://api.telegram.org/bot7752160541:AAGQ8OuXe-HzXGCXpHqKSBLo4cJ6U02d448/getUpdates "HTTP/1.1 200 OK"
2025-06-30 22:33:00,711 - httpx - INFO - HTTP Request: POST https://api.telegram.org/bot7752160541:AAGQ8OuXe-HzXGCXpHqKSBLo4cJ6U02d448/getUpdates "HTTP/1.1 200 OK"
